[2025-07-28 15:04:49] [INFO] 模式: dev
[2025-07-28 15:04:49] [INFO] 后端端口: 3001
[2025-07-28 15:04:49] [INFO] 前端端口: 5173
[2025-07-28 15:04:49] [INFO] 日志文件: logs/startup.log
[2025-07-28 15:04:49] [STEP] 清理现有进程和端口...
[2025-07-28 15:04:51] [SUCCESS] 进程清理完成
[2025-07-28 15:04:51] [STEP] 执行系统健康检查...
[2025-07-28 15:04:51] [SUCCESS] 健康检查通过
[2025-07-28 15:04:51] [STEP] 检查项目依赖...
[2025-07-28 15:04:51] [SUCCESS] 所有依赖已就绪
[2025-07-28 15:04:51] [STEP] 启动前后端服务...
[2025-07-28 15:04:51] [INFO] 前台模式启动...
[2025-07-28 15:07:02] [INFO] 模式: dev
[2025-07-28 15:07:02] [INFO] 后端端口: 3001
[2025-07-28 15:07:02] [INFO] 前端端口: 5173
[2025-07-28 15:07:02] [INFO] 日志文件: logs/startup.log
[2025-07-28 15:07:02] [STEP] 清理现有进程和端口...
[2025-07-28 15:07:04] [SUCCESS] 进程清理完成
[2025-07-28 15:07:04] [STEP] 执行系统健康检查...
[2025-07-28 15:07:04] [SUCCESS] 健康检查通过
[2025-07-28 15:07:04] [STEP] 检查项目依赖...
[2025-07-28 15:07:04] [SUCCESS] 所有依赖已就绪
[2025-07-28 15:07:04] [STEP] 启动前后端服务...
[2025-07-28 15:07:04] [INFO] 前台模式启动...
